0 info it worked if it ends with ok
1 verbose cli [ '/usr/local/bin/node',
1 verbose cli   '/usr/local/bin/npm',
1 verbose cli   'install',
1 verbose cli   'async' ]
2 info using npm@3.10.6
3 info using node@v4.5.0
4 silly loadCurrentTree Starting
5 silly install loadCurrentTree
6 silly install readLocalPackageData
7 silly fetchPackageMetaData async
8 silly fetchNamedPackageData async
9 silly mapToRegistry name async
10 silly mapToRegistry using default registry
11 silly mapToRegistry registry https://registry.npmjs.org/
12 silly mapToRegistry data Result {
12 silly mapToRegistry   raw: 'async',
12 silly mapToRegistry   scope: null,
12 silly mapToRegistry   escapedName: 'async',
12 silly mapToRegistry   name: 'async',
12 silly mapToRegistry   rawSpec: '',
12 silly mapToRegistry   spec: 'latest',
12 silly mapToRegistry   type: 'tag' }
13 silly mapToRegistry uri https://registry.npmjs.org/async
14 verbose request uri https://registry.npmjs.org/async
15 verbose request no auth needed
16 info attempt registry request try #1 at 4:37:01 PM
17 verbose request id 794f9a7c62318d91
18 verbose etag "ADDVKL9OZ19YOWLE4RIMIF45X"
19 http request GET https://registry.npmjs.org/async
20 http 304 https://registry.npmjs.org/async
21 verbose headers { date: 'Thu, 20 Oct 2016 14:37:01 GMT',
21 verbose headers   via: '1.1 varnish',
21 verbose headers   'cache-control': 'max-age=300',
21 verbose headers   etag: '"ADDVKL9OZ19YOWLE4RIMIF45X"',
21 verbose headers   age: '229',
21 verbose headers   connection: 'keep-alive',
21 verbose headers   'x-served-by': 'cache-bma7023-BMA',
21 verbose headers   'x-cache': 'HIT',
21 verbose headers   'x-cache-hits': '23',
21 verbose headers   'x-timer': 'S1476974221.520975,VS0,VE0',
21 verbose headers   vary: 'Accept-Encoding' }
22 silly get cb [ 304,
22 silly get   { date: 'Thu, 20 Oct 2016 14:37:01 GMT',
22 silly get     via: '1.1 varnish',
22 silly get     'cache-control': 'max-age=300',
22 silly get     etag: '"ADDVKL9OZ19YOWLE4RIMIF45X"',
22 silly get     age: '229',
22 silly get     connection: 'keep-alive',
22 silly get     'x-served-by': 'cache-bma7023-BMA',
22 silly get     'x-cache': 'HIT',
22 silly get     'x-cache-hits': '23',
22 silly get     'x-timer': 'S1476974221.520975,VS0,VE0',
22 silly get     vary: 'Accept-Encoding' } ]
23 verbose etag https://registry.npmjs.org/async from cache
24 verbose get saving async to /Users/frederiknygaard/.npm/registry.npmjs.org/async/.cache.json
25 verbose correctMkdir /Users/frederiknygaard/.npm correctMkdir not in flight; initializing
26 silly install normalizeTree
27 silly loadCurrentTree Finishing
28 silly loadIdealTree Starting
29 silly install loadIdealTree
30 silly cloneCurrentTree Starting
31 silly install cloneCurrentTreeToIdealTree
32 silly cloneCurrentTree Finishing
33 silly loadShrinkwrap Starting
34 silly install loadShrinkwrap
35 silly loadShrinkwrap Finishing
36 silly loadAllDepsIntoIdealTree Starting
37 silly install loadAllDepsIntoIdealTree
38 silly resolveWithNewModule async@2.1.2 checking installable status
39 silly cache add args [ 'async', null ]
40 verbose cache add spec async
41 silly cache add parsed spec Result {
41 silly cache add   raw: 'async',
41 silly cache add   scope: null,
41 silly cache add   escapedName: 'async',
41 silly cache add   name: 'async',
41 silly cache add   rawSpec: '',
41 silly cache add   spec: 'latest',
41 silly cache add   type: 'tag' }
42 silly addNamed async@latest
43 verbose addNamed "latest" is being treated as a dist-tag for async
44 info addNameTag [ 'async', 'latest' ]
45 silly mapToRegistry name async
46 silly mapToRegistry using default registry
47 silly mapToRegistry registry https://registry.npmjs.org/
48 silly mapToRegistry data Result {
48 silly mapToRegistry   raw: 'async',
48 silly mapToRegistry   scope: null,
48 silly mapToRegistry   escapedName: 'async',
48 silly mapToRegistry   name: 'async',
48 silly mapToRegistry   rawSpec: '',
48 silly mapToRegistry   spec: 'latest',
48 silly mapToRegistry   type: 'tag' }
49 silly mapToRegistry uri https://registry.npmjs.org/async
50 verbose addNameTag registry:https://registry.npmjs.org/async not in flight; fetching
51 verbose get https://registry.npmjs.org/async not expired, no request
52 silly addNameTag next cb for async with tag latest
53 silly addNamed async@2.1.2
54 verbose addNamed "2.1.2" is a plain semver version for async
55 silly cache afterAdd async@2.1.2
56 verbose afterAdd /Users/frederiknygaard/.npm/async/2.1.2/package/package.json not in flight; writing
57 verbose correctMkdir /Users/frederiknygaard/.npm correctMkdir not in flight; initializing
58 verbose afterAdd /Users/frederiknygaard/.npm/async/2.1.2/package/package.json written
59 silly fetchNamedPackageData lodash
60 silly mapToRegistry name lodash
61 silly mapToRegistry using default registry
62 silly mapToRegistry registry https://registry.npmjs.org/
63 silly mapToRegistry data Result {
63 silly mapToRegistry   raw: 'lodash',
63 silly mapToRegistry   scope: null,
63 silly mapToRegistry   escapedName: 'lodash',
63 silly mapToRegistry   name: 'lodash',
63 silly mapToRegistry   rawSpec: '',
63 silly mapToRegistry   spec: 'latest',
63 silly mapToRegistry   type: 'tag' }
64 silly mapToRegistry uri https://registry.npmjs.org/lodash
65 verbose get https://registry.npmjs.org/lodash not expired, no request
66 silly resolveWithNewModule lodash@4.16.4 checking installable status
67 silly cache add args [ 'lodash@^4.14.0', null ]
68 verbose cache add spec lodash@^4.14.0
69 silly cache add parsed spec Result {
69 silly cache add   raw: 'lodash@^4.14.0',
69 silly cache add   scope: null,
69 silly cache add   escapedName: 'lodash',
69 silly cache add   name: 'lodash',
69 silly cache add   rawSpec: '^4.14.0',
69 silly cache add   spec: '>=4.14.0 <5.0.0',
69 silly cache add   type: 'range' }
70 silly addNamed lodash@>=4.14.0 <5.0.0
71 verbose addNamed ">=4.14.0 <5.0.0" is a valid semver range for lodash
72 silly addNameRange { name: 'lodash', range: '>=4.14.0 <5.0.0', hasData: false }
73 silly mapToRegistry name lodash
74 silly mapToRegistry using default registry
75 silly mapToRegistry registry https://registry.npmjs.org/
76 silly mapToRegistry data Result {
76 silly mapToRegistry   raw: 'lodash',
76 silly mapToRegistry   scope: null,
76 silly mapToRegistry   escapedName: 'lodash',
76 silly mapToRegistry   name: 'lodash',
76 silly mapToRegistry   rawSpec: '',
76 silly mapToRegistry   spec: 'latest',
76 silly mapToRegistry   type: 'tag' }
77 silly mapToRegistry uri https://registry.npmjs.org/lodash
78 verbose addNameRange registry:https://registry.npmjs.org/lodash not in flight; fetching
79 verbose get https://registry.npmjs.org/lodash not expired, no request
80 silly addNameRange number 2 { name: 'lodash', range: '>=4.14.0 <5.0.0', hasData: true }
81 silly addNameRange versions [ 'lodash',
81 silly addNameRange   [ '0.1.0',
81 silly addNameRange     '0.2.0',
81 silly addNameRange     '0.2.1',
81 silly addNameRange     '0.2.2',
81 silly addNameRange     '0.3.0',
81 silly addNameRange     '0.3.1',
81 silly addNameRange     '0.3.2',
81 silly addNameRange     '0.4.0',
81 silly addNameRange     '0.4.1',
81 silly addNameRange     '0.4.2',
81 silly addNameRange     '0.5.0-rc.1',
81 silly addNameRange     '0.5.0',
81 silly addNameRange     '0.5.1',
81 silly addNameRange     '0.5.2',
81 silly addNameRange     '0.6.0',
81 silly addNameRange     '0.6.1',
81 silly addNameRange     '0.7.0',
81 silly addNameRange     '0.8.0',
81 silly addNameRange     '0.8.1',
81 silly addNameRange     '0.8.2',
81 silly addNameRange     '0.9.0',
81 silly addNameRange     '0.9.1',
81 silly addNameRange     '0.9.2',
81 silly addNameRange     '0.10.0',
81 silly addNameRange     '1.0.0-rc.1',
81 silly addNameRange     '1.0.0-rc.2',
81 silly addNameRange     '1.0.0-rc.3',
81 silly addNameRange     '1.0.0',
81 silly addNameRange     '1.0.1',
81 silly addNameRange     '1.1.0',
81 silly addNameRange     '1.1.1',
81 silly addNameRange     '1.2.0',
81 silly addNameRange     '1.2.1',
81 silly addNameRange     '1.3.0',
81 silly addNameRange     '1.3.1',
81 silly addNameRange     '2.0.0',
81 silly addNameRange     '2.1.0',
81 silly addNameRange     '2.2.0',
81 silly addNameRange     '2.2.1',
81 silly addNameRange     '2.3.0',
81 silly addNameRange     '2.4.0',
81 silly addNameRange     '2.4.1',
81 silly addNameRange     '3.0.0',
81 silly addNameRange     '3.0.1',
81 silly addNameRange     '3.1.0',
81 silly addNameRange     '3.2.0',
81 silly addNameRange     '3.3.0',
81 silly addNameRange     '3.3.1',
81 silly addNameRange     '3.4.0',
81 silly addNameRange     '3.5.0',
81 silly addNameRange     '3.6.0',
81 silly addNameRange     '1.0.2',
81 silly addNameRange     '3.7.0',
81 silly addNameRange     '2.4.2',
81 silly addNameRange     '3.8.0',
81 silly addNameRange     '3.9.0',
81 silly addNameRange     '3.9.1',
81 silly addNameRange     '3.9.2',
81 silly addNameRange     '3.9.3',
81 silly addNameRange     '3.10.0',
81 silly addNameRange     '3.10.1',
81 silly addNameRange     '4.0.0',
81 silly addNameRange     '4.0.1',
81 silly addNameRange     '4.1.0',
81 silly addNameRange     '4.2.0',
81 silly addNameRange     '4.2.1',
81 silly addNameRange     '4.3.0',
81 silly addNameRange     '4.4.0',
81 silly addNameRange     '4.5.0',
81 silly addNameRange     '4.5.1',
81 silly addNameRange     '4.6.0',
81 silly addNameRange     '4.6.1',
81 silly addNameRange     '4.7.0',
81 silly addNameRange     '4.8.0',
81 silly addNameRange     '4.8.1',
81 silly addNameRange     '4.8.2',
81 silly addNameRange     '4.9.0',
81 silly addNameRange     '4.10.0',
81 silly addNameRange     '4.11.0',
81 silly addNameRange     '4.11.1',
81 silly addNameRange     '4.11.2',
81 silly addNameRange     '4.12.0',
81 silly addNameRange     '4.13.0',
81 silly addNameRange     '4.13.1',
81 silly addNameRange     '4.14.0',
81 silly addNameRange     '4.14.1',
81 silly addNameRange     '4.14.2',
81 silly addNameRange     '4.15.0',
81 silly addNameRange     '4.16.0',
81 silly addNameRange     '4.16.1',
81 silly addNameRange     '4.16.2',
81 silly addNameRange     '4.16.3',
81 silly addNameRange     '4.16.4' ] ]
82 silly addNamed lodash@4.16.4
83 verbose addNamed "4.16.4" is a plain semver version for lodash
84 silly cache afterAdd lodash@4.16.4
85 verbose afterAdd /Users/frederiknygaard/.npm/lodash/4.16.4/package/package.json not in flight; writing
86 verbose correctMkdir /Users/frederiknygaard/.npm correctMkdir not in flight; initializing
87 verbose afterAdd /Users/frederiknygaard/.npm/lodash/4.16.4/package/package.json written
88 silly fetchNamedPackageData bluetooth-hci-socket
89 silly mapToRegistry name bluetooth-hci-socket
90 silly mapToRegistry using default registry
91 silly mapToRegistry registry https://registry.npmjs.org/
92 silly mapToRegistry data Result {
92 silly mapToRegistry   raw: 'bluetooth-hci-socket',
92 silly mapToRegistry   scope: null,
92 silly mapToRegistry   escapedName: 'bluetooth-hci-socket',
92 silly mapToRegistry   name: 'bluetooth-hci-socket',
92 silly mapToRegistry   rawSpec: '',
92 silly mapToRegistry   spec: 'latest',
92 silly mapToRegistry   type: 'tag' }
93 silly mapToRegistry uri https://registry.npmjs.org/bluetooth-hci-socket
94 verbose get https://registry.npmjs.org/bluetooth-hci-socket not expired, no request
95 silly resolveWithNewModule bluetooth-hci-socket@0.5.1 checking installable status
96 silly loadAllDepsIntoIdealTree Finishing
97 silly loadIdealTree Finishing
98 silly currentTree sensortag-gettingstarted@1.0.0
98 silly currentTree ├── after@0.8.1
98 silly currentTree ├── arr-diff@2.0.0
98 silly currentTree ├── arr-flatten@1.0.1
98 silly currentTree ├── array-unique@0.2.1
98 silly currentTree ├── arraybuffer.slice@0.0.6
98 silly currentTree ├── async@2.1.2
98 silly currentTree ├── backo2@1.0.2
98 silly currentTree ├── balanced-match@0.4.2
98 silly currentTree ├── base64-arraybuffer@0.1.2
98 silly currentTree ├── benchmark@1.0.0
98 silly currentTree ├── better-assert@1.0.2
98 silly currentTree ├─┬ bl@1.1.2
98 silly currentTree │ └── readable-stream@2.0.6
98 silly currentTree ├── blob@0.0.4
98 silly currentTree ├── bplist-parser@0.0.6
98 silly currentTree ├── brace-expansion@1.1.6
98 silly currentTree ├── braces@1.8.5
98 silly currentTree ├── buffer-shims@1.0.0
98 silly currentTree ├── callback-stream@1.1.0
98 silly currentTree ├── callsite@1.0.0
98 silly currentTree ├── commist@1.0.0
98 silly currentTree ├── component-bind@1.0.0
98 silly currentTree ├── component-emitter@1.2.0
98 silly currentTree ├── component-inherit@0.0.3
98 silly currentTree ├── concat-map@0.0.1
98 silly currentTree ├─┬ concat-stream@1.5.2
98 silly currentTree │ └── readable-stream@2.0.6
98 silly currentTree ├── core-util-is@1.0.2
98 silly currentTree ├── debug@2.2.0
98 silly currentTree ├─┬ duplexify@3.4.6
98 silly currentTree │ └── end-of-stream@1.0.0
98 silly currentTree ├── end-of-stream@1.1.0
98 silly currentTree ├─┬ engine.io-client@1.6.8
98 silly currentTree │ ├── component-emitter@1.1.2
98 silly currentTree │ └── ws@1.0.1
98 silly currentTree ├─┬ engine.io-parser@1.2.4
98 silly currentTree │ ├── has-binary@0.1.6
98 silly currentTree │ └── isarray@0.0.1
98 silly currentTree ├── expand-brackets@0.1.5
98 silly currentTree ├── expand-range@1.8.2
98 silly currentTree ├── extend-shallow@2.0.1
98 silly currentTree ├── extend@3.0.0
98 silly currentTree ├─┬ extglob@0.3.2
98 silly currentTree │ └── is-extglob@1.0.0
98 silly currentTree ├── filename-regex@2.0.0
98 silly currentTree ├── fill-range@2.2.3
98 silly currentTree ├── for-in@0.1.6
98 silly currentTree ├── for-own@0.1.4
98 silly currentTree ├─┬ glob-base@0.3.0
98 silly currentTree │ ├── glob-parent@2.0.0
98 silly currentTree │ ├── is-extglob@1.0.0
98 silly currentTree │ └── is-glob@2.0.1
98 silly currentTree ├── glob-parent@3.0.1
98 silly currentTree ├─┬ glob-stream@5.3.5
98 silly currentTree │ ├── isarray@0.0.1
98 silly currentTree │ ├── readable-stream@1.0.34
98 silly currentTree │ └── through2@0.6.5
98 silly currentTree ├── glob@5.0.15
98 silly currentTree ├─┬ has-binary@0.1.7
98 silly currentTree │ └── isarray@0.0.1
98 silly currentTree ├── has-cors@1.1.0
98 silly currentTree ├── help-me@1.0.1
98 silly currentTree ├── indexof@0.0.1
98 silly currentTree ├── inflight@1.0.6
98 silly currentTree ├── inherits@2.0.3
98 silly currentTree ├── is-buffer@1.1.4
98 silly currentTree ├── is-dotfile@1.0.2
98 silly currentTree ├── is-equal-shallow@0.1.3
98 silly currentTree ├── is-extendable@0.1.1
98 silly currentTree ├── is-extglob@2.1.0
98 silly currentTree ├── is-glob@3.1.0
98 silly currentTree ├── is-number@2.1.0
98 silly currentTree ├── is-posix-bracket@0.1.1
98 silly currentTree ├── is-primitive@2.0.0
98 silly currentTree ├── is-stream@1.1.0
98 silly currentTree ├── isarray@1.0.0
98 silly currentTree ├── isobject@2.1.0
98 silly currentTree ├── json-stable-stringify@1.0.1
98 silly currentTree ├── json3@3.3.2
98 silly currentTree ├── jsonify@0.0.0
98 silly currentTree ├── kind-of@3.0.4
98 silly currentTree ├── leven@1.0.2
98 silly currentTree ├── lodash@4.16.4
98 silly currentTree ├─┬ micromatch@2.3.11
98 silly currentTree │ ├── is-extglob@1.0.0
98 silly currentTree │ └── is-glob@2.0.1
98 silly currentTree ├── minimatch@3.0.3
98 silly currentTree ├── minimist@1.2.0
98 silly currentTree ├── mqtt-packet@5.2.0
98 silly currentTree ├── mqtt@2.0.1
98 silly currentTree ├── ms@0.7.1
98 silly currentTree ├── nan@2.4.0
98 silly currentTree ├── noble-device@1.4.1
98 silly currentTree ├── noble@1.7.0
98 silly currentTree ├── normalize-path@2.0.1
98 silly currentTree ├── object-component@0.0.3
98 silly currentTree ├── object.omit@2.0.0
98 silly currentTree ├── once@1.3.3
98 silly currentTree ├── options@0.0.6
98 silly currentTree ├── ordered-read-streams@0.3.0
98 silly currentTree ├─┬ parse-glob@3.0.4
98 silly currentTree │ ├── is-extglob@1.0.0
98 silly currentTree │ └── is-glob@2.0.1
98 silly currentTree ├── parsejson@0.0.1
98 silly currentTree ├── parseqs@0.0.2
98 silly currentTree ├── parseuri@0.0.4
98 silly currentTree ├── path-dirname@1.0.2
98 silly currentTree ├── path-is-absolute@1.0.1
98 silly currentTree ├── preserve@0.2.0
98 silly currentTree ├── process-nextick-args@1.0.7
98 silly currentTree ├── pump@1.0.1
98 silly currentTree ├── randomatic@1.1.5
98 silly currentTree ├── readable-stream@2.1.5
98 silly currentTree ├── regex-cache@0.4.3
98 silly currentTree ├── reinterval@1.1.0
98 silly currentTree ├── repeat-element@1.1.2
98 silly currentTree ├── repeat-string@1.5.4
98 silly currentTree ├── sensortag@1.2.2
98 silly currentTree ├── socket.io-client@1.4.5
98 silly currentTree ├─┬ socket.io-parser@2.2.6
98 silly currentTree │ ├── component-emitter@1.1.2
98 silly currentTree │ └── isarray@0.0.1
98 silly currentTree ├── split2@2.1.0
98 silly currentTree ├── stream-shift@1.0.0
98 silly currentTree ├── string_decoder@0.10.31
98 silly currentTree ├── through2-filter@2.0.0
98 silly currentTree ├─┬ through2@2.0.1
98 silly currentTree │ └── readable-stream@2.0.6
98 silly currentTree ├── to-absolute-glob@0.1.1
98 silly currentTree ├── to-array@0.1.4
98 silly currentTree ├── typedarray@0.0.6
98 silly currentTree ├── ultron@1.0.2
98 silly currentTree ├── unique-stream@2.2.1
98 silly currentTree ├── utf8@2.1.0
98 silly currentTree ├── util-deprecate@1.0.2
98 silly currentTree ├── websocket-stream@3.3.0
98 silly currentTree ├── wrappy@1.0.2
98 silly currentTree ├── ws@1.1.1
98 silly currentTree ├── xmlhttprequest-ssl@1.5.1
98 silly currentTree ├── xpc-connection@0.1.4
98 silly currentTree ├── xtend@4.0.1
98 silly currentTree └── yeast@0.1.2
99 silly idealTree sensortag-gettingstarted@1.0.0
99 silly idealTree ├── after@0.8.1
99 silly idealTree ├── arr-diff@2.0.0
99 silly idealTree ├── arr-flatten@1.0.1
99 silly idealTree ├── array-unique@0.2.1
99 silly idealTree ├── arraybuffer.slice@0.0.6
99 silly idealTree ├── async@2.1.2
99 silly idealTree ├── backo2@1.0.2
99 silly idealTree ├── balanced-match@0.4.2
99 silly idealTree ├── base64-arraybuffer@0.1.2
99 silly idealTree ├── benchmark@1.0.0
99 silly idealTree ├── better-assert@1.0.2
99 silly idealTree ├─┬ bl@1.1.2
99 silly idealTree │ └── readable-stream@2.0.6
99 silly idealTree ├── blob@0.0.4
99 silly idealTree ├── bplist-parser@0.0.6
99 silly idealTree ├── brace-expansion@1.1.6
99 silly idealTree ├── braces@1.8.5
99 silly idealTree ├── buffer-shims@1.0.0
99 silly idealTree ├── callback-stream@1.1.0
99 silly idealTree ├── callsite@1.0.0
99 silly idealTree ├── commist@1.0.0
99 silly idealTree ├── component-bind@1.0.0
99 silly idealTree ├── component-emitter@1.2.0
99 silly idealTree ├── component-inherit@0.0.3
99 silly idealTree ├── concat-map@0.0.1
99 silly idealTree ├─┬ concat-stream@1.5.2
99 silly idealTree │ └── readable-stream@2.0.6
99 silly idealTree ├── core-util-is@1.0.2
99 silly idealTree ├── debug@2.2.0
99 silly idealTree ├─┬ duplexify@3.4.6
99 silly idealTree │ └── end-of-stream@1.0.0
99 silly idealTree ├── end-of-stream@1.1.0
99 silly idealTree ├─┬ engine.io-client@1.6.8
99 silly idealTree │ ├── component-emitter@1.1.2
99 silly idealTree │ └── ws@1.0.1
99 silly idealTree ├─┬ engine.io-parser@1.2.4
99 silly idealTree │ ├── has-binary@0.1.6
99 silly idealTree │ └── isarray@0.0.1
99 silly idealTree ├── expand-brackets@0.1.5
99 silly idealTree ├── expand-range@1.8.2
99 silly idealTree ├── extend-shallow@2.0.1
99 silly idealTree ├── extend@3.0.0
99 silly idealTree ├─┬ extglob@0.3.2
99 silly idealTree │ └── is-extglob@1.0.0
99 silly idealTree ├── filename-regex@2.0.0
99 silly idealTree ├── fill-range@2.2.3
99 silly idealTree ├── for-in@0.1.6
99 silly idealTree ├── for-own@0.1.4
99 silly idealTree ├─┬ glob-base@0.3.0
99 silly idealTree │ ├── glob-parent@2.0.0
99 silly idealTree │ ├── is-extglob@1.0.0
99 silly idealTree │ └── is-glob@2.0.1
99 silly idealTree ├── glob-parent@3.0.1
99 silly idealTree ├─┬ glob-stream@5.3.5
99 silly idealTree │ ├── isarray@0.0.1
99 silly idealTree │ ├── readable-stream@1.0.34
99 silly idealTree │ └── through2@0.6.5
99 silly idealTree ├── glob@5.0.15
99 silly idealTree ├─┬ has-binary@0.1.7
99 silly idealTree │ └── isarray@0.0.1
99 silly idealTree ├── has-cors@1.1.0
99 silly idealTree ├── help-me@1.0.1
99 silly idealTree ├── indexof@0.0.1
99 silly idealTree ├── inflight@1.0.6
99 silly idealTree ├── inherits@2.0.3
99 silly idealTree ├── is-buffer@1.1.4
99 silly idealTree ├── is-dotfile@1.0.2
99 silly idealTree ├── is-equal-shallow@0.1.3
99 silly idealTree ├── is-extendable@0.1.1
99 silly idealTree ├── is-extglob@2.1.0
99 silly idealTree ├── is-glob@3.1.0
99 silly idealTree ├── is-number@2.1.0
99 silly idealTree ├── is-posix-bracket@0.1.1
99 silly idealTree ├── is-primitive@2.0.0
99 silly idealTree ├── is-stream@1.1.0
99 silly idealTree ├── isarray@1.0.0
99 silly idealTree ├── isobject@2.1.0
99 silly idealTree ├── json-stable-stringify@1.0.1
99 silly idealTree ├── json3@3.3.2
99 silly idealTree ├── jsonify@0.0.0
99 silly idealTree ├── kind-of@3.0.4
99 silly idealTree ├── leven@1.0.2
99 silly idealTree ├── lodash@4.16.4
99 silly idealTree ├─┬ micromatch@2.3.11
99 silly idealTree │ ├── is-extglob@1.0.0
99 silly idealTree │ └── is-glob@2.0.1
99 silly idealTree ├── minimatch@3.0.3
99 silly idealTree ├── minimist@1.2.0
99 silly idealTree ├── mqtt-packet@5.2.0
99 silly idealTree ├── mqtt@2.0.1
99 silly idealTree ├── ms@0.7.1
99 silly idealTree ├── nan@2.4.0
99 silly idealTree ├── noble-device@1.4.1
99 silly idealTree ├── noble@1.7.0
99 silly idealTree ├── normalize-path@2.0.1
99 silly idealTree ├── object-component@0.0.3
99 silly idealTree ├── object.omit@2.0.0
99 silly idealTree ├── once@1.3.3
99 silly idealTree ├── options@0.0.6
99 silly idealTree ├── ordered-read-streams@0.3.0
99 silly idealTree ├─┬ parse-glob@3.0.4
99 silly idealTree │ ├── is-extglob@1.0.0
99 silly idealTree │ └── is-glob@2.0.1
99 silly idealTree ├── parsejson@0.0.1
99 silly idealTree ├── parseqs@0.0.2
99 silly idealTree ├── parseuri@0.0.4
99 silly idealTree ├── path-dirname@1.0.2
99 silly idealTree ├── path-is-absolute@1.0.1
99 silly idealTree ├── preserve@0.2.0
99 silly idealTree ├── process-nextick-args@1.0.7
99 silly idealTree ├── pump@1.0.1
99 silly idealTree ├── randomatic@1.1.5
99 silly idealTree ├── readable-stream@2.1.5
99 silly idealTree ├── regex-cache@0.4.3
99 silly idealTree ├── reinterval@1.1.0
99 silly idealTree ├── repeat-element@1.1.2
99 silly idealTree ├── repeat-string@1.5.4
99 silly idealTree ├── sensortag@1.2.2
99 silly idealTree ├── socket.io-client@1.4.5
99 silly idealTree ├─┬ socket.io-parser@2.2.6
99 silly idealTree │ ├── component-emitter@1.1.2
99 silly idealTree │ └── isarray@0.0.1
99 silly idealTree ├── split2@2.1.0
99 silly idealTree ├── stream-shift@1.0.0
99 silly idealTree ├── string_decoder@0.10.31
99 silly idealTree ├── through2-filter@2.0.0
99 silly idealTree ├─┬ through2@2.0.1
99 silly idealTree │ └── readable-stream@2.0.6
99 silly idealTree ├── to-absolute-glob@0.1.1
99 silly idealTree ├── to-array@0.1.4
99 silly idealTree ├── typedarray@0.0.6
99 silly idealTree ├── ultron@1.0.2
99 silly idealTree ├── unique-stream@2.2.1
99 silly idealTree ├── utf8@2.1.0
99 silly idealTree ├── util-deprecate@1.0.2
99 silly idealTree ├── websocket-stream@3.3.0
99 silly idealTree ├── wrappy@1.0.2
99 silly idealTree ├── ws@1.1.1
99 silly idealTree ├── xmlhttprequest-ssl@1.5.1
99 silly idealTree ├── xpc-connection@0.1.4
99 silly idealTree ├── xtend@4.0.1
99 silly idealTree └── yeast@0.1.2
100 silly generateActionsToTake Starting
101 silly install generateActionsToTake
102 warn checkPermissions Missing write access to /Users/frederiknygaard/door-slammer/node_modules
103 silly rollbackFailedOptional Starting
104 silly rollbackFailedOptional Finishing
105 silly runTopLevelLifecycles Starting
106 silly runTopLevelLifecycles Finishing
107 silly install printInstalled
108 warn optional Skipping failed optional dependency /noble/bluetooth-hci-socket:
109 warn notsup Not compatible with your operating system or architecture: bluetooth-hci-socket@0.5.1
110 verbose stack Error: EACCES: permission denied, access '/Users/frederiknygaard/door-slammer/node_modules'
110 verbose stack     at Error (native)
111 verbose cwd /Users/frederiknygaard/door-slammer
112 error Darwin 14.5.0
113 error argv "/usr/local/bin/node" "/usr/local/bin/npm" "install" "async"
114 error node v4.5.0
115 error npm  v3.10.6
116 error path /Users/frederiknygaard/door-slammer/node_modules
117 error code EACCES
118 error errno -13
119 error syscall access
120 error Error: EACCES: permission denied, access '/Users/frederiknygaard/door-slammer/node_modules'
120 error     at Error (native)
120 error  { [Error: EACCES: permission denied, access '/Users/frederiknygaard/door-slammer/node_modules']
120 error   errno: -13,
120 error   code: 'EACCES',
120 error   syscall: 'access',
120 error   path: '/Users/frederiknygaard/door-slammer/node_modules' }
121 error Please try running this command again as root/Administrator.
122 verbose exit [ -13, true ]
